app/build/outputs/logs/manifest-merger-debug-report.txt
-- Merging decision tree log ---
manifest
ADDED from src/main/AndroidManifest.xml:1:1-38:12
INJECTED from src/main/AndroidManifest.xml:1:1-38:12
INJECTED from src/main/AndroidManifest.xml:1:1-38:12
INJECTED from src/main/AndroidManifest.xml:1:1-38:12
MERGED from [:andEngineTexturePackerExtension] AndroidManifest.xml:2:1-11:12
MERGED from [:andEngine] AndroidManifest.xml:2:1-11:12
INJECTED from src/main/AndroidManifest.xml:1:1-38:12
INJECTED from src/main/AndroidManifest.xml:1:1-38:12
INJECTED from src/main/AndroidManifest.xml:1:1-38:12
	package
		ADDED from src/main/AndroidManifest.xml:2:5-42
		INJECTED from src/main/AndroidManifest.xml
		INJECTED from src/main/AndroidManifest.xml
	android:versionName
		ADDED from src/main/AndroidManifest.xml:4:5-30
		INJECTED from src/main/AndroidManifest.xml
		INJECTED from src/main/AndroidManifest.xml
	xmlns:android
		ADDED from src/main/AndroidManifest.xml:1:11-69
	android:versionCode
		ADDED from src/main/AndroidManifest.xml:3:5-28
		INJECTED from src/main/AndroidManifest.xml
		INJECTED from src/main/AndroidManifest.xml
application
ADDED from src/main/AndroidManifest.xml:6:5-36:19
MERGED from [:andEngineTexturePackerExtension] AndroidManifest.xml:9:5-46
MERGED from [:andEngineTexturePackerExtension] AndroidManifest.xml:9:5-46
MERGED from [:andEngine] AndroidManifest.xml:9:5-46
MERGED from [:andEngine] AndroidManifest.xml:9:5-46
	android:label
		ADDED from src/main/AndroidManifest.xml:8:9-41
	android:debuggable
		ADDED from [:andEngineTexturePackerExtension] AndroidManifest.xml:9:18-43
	android:icon
		ADDED from src/main/AndroidManifest.xml:7:9-38
	android:theme
		ADDED from src/main/AndroidManifest.xml:9:9-40
activity#com.infinixsoft.asdragrupos.SplashGameActivity
ADDED from src/main/AndroidManifest.xml:21:9-30:20
	android:screenOrientation
		ADDED from src/main/AndroidManifest.xml:24:13-50
	android:label
		ADDED from src/main/AndroidManifest.xml:23:13-56
	android:name
		ADDED from src/main/AndroidManifest.xml:22:13-47
intent-filter#action:name:android.intent.action.MAIN+category:name:android.intent.category.LAUNCHER
ADDED from src/main/AndroidManifest.xml:25:13-29:29
action#android.intent.action.MAIN
ADDED from src/main/AndroidManifest.xml:26:17-69
	android:name
		ADDED from src/main/AndroidManifest.xml:26:25-66
category#android.intent.category.LAUNCHER
ADDED from src/main/AndroidManifest.xml:28:17-77
	android:name
		ADDED from src/main/AndroidManifest.xml:28:27-74
activity#com.infinixsoft.asdragrupos.GameActivity
ADDED from src/main/AndroidManifest.xml:31:9-35:20
	android:screenOrientation
		ADDED from src/main/AndroidManifest.xml:34:13-50
	android:label
		ADDED from src/main/AndroidManifest.xml:33:13-56
	android:name
		ADDED from src/main/AndroidManifest.xml:32:13-41
uses-sdk
INJECTED from src/main/AndroidManifest.xml reason: use-sdk injection requested
INJECTED from src/main/AndroidManifest.xml
MERGED from [:andEngineTexturePackerExtension] AndroidManifest.xml:7:5-47
MERGED from [:andEngineTexturePackerExtension] AndroidManifest.xml:7:5-47
MERGED from [:andEngine] AndroidManifest.xml:7:5-47
MERGED from [:andEngine] AndroidManifest.xml:7:5-47
INJECTED from src/main/AndroidManifest.xml
	android:targetSdkVersion
		INJECTED from src/main/AndroidManifest.xml
		ADDED from src/main/AndroidManifest.xml
		INJECTED from src/main/AndroidManifest.xml